0 info it worked if it ends with ok
1 verbose cli [ 'node', '/usr/bin/npm', 'start' ]
2 info using npm@3.8.0
3 info using node@v0.10.37
4 verbose node symlink /usr/bin/node
5 verbose run-script [ 'prestart', 'start', 'poststart' ]
6 info lifecycle manybots@1.0.0~prestart: manybots@1.0.0
7 silly lifecycle manybots@1.0.0~prestart: no script for prestart, continuing
8 info lifecycle manybots@1.0.0~start: manybots@1.0.0
9 verbose lifecycle manybots@1.0.0~start: unsafe-perm in lifecycle true
10 verbose lifecycle manybots@1.0.0~start: PATH: /usr/lib/node_modules/npm/bin/node-gyp-bin:/home/alexander/www/botkit/node_modules/.bin:/usr/bin:/home/alexander/anaconda2/bin:/home/alexander/bin:/usr/local/sbin:/usr/local/bin:/usr/sbin:/usr/bin:/sbin:/bin:/usr/games:/usr/local/games:/home/alexander/adt-bundle-linux-x86_64/sdk/platform-tools:/home/alexander/Programmierung/adt-bundle-linux-x86_64/sdk/tools:/home/alexander/Programmierung/adt-bundle-linux-x86_64/sdk/platform-tools:/home/alexander/Programmierung/adt-bundle-linux-x86_64/sdk/build-tools:/home/alexander/Programmierung/adt-bundle-linux-x86_64/sdk/tools:/home/alexander/Programmierung/adt-bundle-linux-x86_64/sdk/platform-tools
11 verbose lifecycle manybots@1.0.0~start: CWD: /home/alexander/www/botkit
12 silly lifecycle manybots@1.0.0~start: Args: [ '-c', 'node bot.js' ]
13 silly lifecycle manybots@1.0.0~start: Returned: code: 8  signal: null
14 info lifecycle manybots@1.0.0~start: Failed to exec start script
15 verbose stack Error: manybots@1.0.0 start: `node bot.js`
15 verbose stack Exit status 8
15 verbose stack     at EventEmitter.<anonymous> (/usr/lib/node_modules/npm/lib/utils/lifecycle.js:239:16)
15 verbose stack     at EventEmitter.emit (events.js:98:17)
15 verbose stack     at ChildProcess.<anonymous> (/usr/lib/node_modules/npm/lib/utils/spawn.js:24:14)
15 verbose stack     at ChildProcess.emit (events.js:98:17)
15 verbose stack     at maybeClose (child_process.js:766:16)
15 verbose stack     at Process.ChildProcess._handle.onexit (child_process.js:833:5)
16 verbose pkgid manybots@1.0.0
17 verbose cwd /home/alexander/www/botkit
18 error Linux 3.13.0-85-generic
19 error argv "node" "/usr/bin/npm" "start"
20 error node v0.10.37
21 error npm  v3.8.0
22 error code ELIFECYCLE
23 error manybots@1.0.0 start: `node bot.js`
23 error Exit status 8
24 error Failed at the manybots@1.0.0 start script 'node bot.js'.
24 error Make sure you have the latest version of node.js and npm installed.
24 error If you do, this is most likely a problem with the manybots package,
24 error not with npm itself.
24 error Tell the author that this fails on your system:
24 error     node bot.js
24 error You can get information on how to open an issue for this project with:
24 error     npm bugs manybots
24 error Or if that isn't available, you can get their info via:
24 error     npm owner ls manybots
24 error There is likely additional logging output above.
25 verbose exit [ 1, true ]
